src/hooks/usePushNotifications.ts(2,25): error TS2307: Cannot find module 'expo-device' or its corresponding type declarations.
src/hooks/usePushNotifications.ts(3,32): error TS2307: Cannot find module 'expo-notifications' or its corresponding type declarations.
src/hooks/usePushNotifications.ts(20,34): error TS2554: Expected 1 arguments, but got 0.
src/hooks/usePushNotifications.ts(21,30): error TS2554: Expected 1 arguments, but got 0.
src/screens/user/MyOrders.tsx(5,30): error TS2307: Cannot find module '../store/useAuthStore' or its corresponding type declarations.
src/screens/user/MyOrders.tsx(15,33): error TS7006: Parameter 'state' implicitly has an 'any' type.
